<?xml version="1.0" encoding="UTF-8"?>
<!-- Generated by org.testng.reporters.JUnitReportReporter -->
<testsuite hostname="EON.local" failures="0" tests="1" name="assessmentTests.testsAssessment" time="72.142" errors="0" timestamp="2021-07-21T15:59:21 SAST" skipped="0">
  <testcase classname="assessmentTests.testsAssessment" name="GIVEN_LandingPage_WHEN_ProductSearch_THEN_AddToCart" time="72.142"/>
  <system-out>
<a href='/Users/eonkruger/git/Individual.RepoCSVmongoTables/MyfirstMavenProjectIT/target/surefire-reports-20210706141909/images/onTestStart155821.png'> <img src='/Users/eonkruger/git/Individual.RepoCSVmongoTables/MyfirstMavenProjectIT/target/surefire-reports-20210706141909/images/onTestStart155821.png' height='200' width='200'/> </a> <a href='/Users/eonkruger/git/Individual.RepoCSVmongoTables/MyfirstMavenProjectIT/target/surefire-reports-20210706141909/images/onTestStart155842.png'> <img src='/Users/eonkruger/git/Individual.RepoCSVmongoTables/MyfirstMavenProjectIT/target/surefire-reports-20210706141909/images/onTestStart155842.png' height='200' width='200'/> </a>  </system-out>
</testsuite> <!-- assessmentTests.testsAssessment -->
