<?xml version="1.0" encoding="UTF-8"?>
<!-- Generated by org.testng.reporters.JUnitReportReporter -->
<testsuite hostname="EON.local" failures="0" tests="2" name="TelcoProjects.TelcoProjectTstNGThree" time="37.768" errors="0" timestamp="2021-06-15T17:50:24 SAST" skipped="0">
  <testcase classname="TelcoProjects.TelcoProjectTstNGThree" name="testTwo" time="16.105"/>
  <system-out/>
  <testcase classname="TelcoProjects.TelcoProjectTstNGThree" name="testOne" time="21.663"/>
  <system-out/>
</testsuite> <!-- TelcoProjects.TelcoProjectTstNGThree -->
