<?xml version="1.0" encoding="UTF-8"?>
<!-- Generated by org.testng.reporters.JUnitReportReporter -->
<testsuite hostname="EON.local" failures="0" tests="2" name="Refactored.testsAssignment1" time="25.869" errors="0" timestamp="2021-06-25T19:06:16 SAST" skipped="0">
  <testcase classname="Refactored.testsAssignment1" name="testsOne" time="25.847"/>
  <system-out/>
  <testcase classname="Refactored.testsAssignment1" name="testTwo" time="0.022"/>
  <system-out/>
</testsuite> <!-- Refactored.testsAssignment1 -->
