<?xml version="1.0" encoding="UTF-8"?>
<!-- Generated by org.testng.reporters.JUnitReportReporter -->
<testsuite hostname="EON.local" failures="0" tests="2" name="BankProjectGenerateDataTstNG.BankProjectGenerateDataKeywords" time="30.284" errors="0" timestamp="2021-05-21T16:48:22 SAST" skipped="0">
  <testcase classname="BankProjectGenerateDataTstNG.BankProjectGenerateDataKeywords" name="testCase1" time="16.246"/>
  <system-out/>
  <testcase classname="BankProjectGenerateDataTstNG.BankProjectGenerateDataKeywords" name="testCase2" time="14.038"/>
  <system-out/>
</testsuite> <!-- BankProjectGenerateDataTstNG.BankProjectGenerateDataKeywords -->
