<?xml version="1.0" encoding="UTF-8"?>
<!-- Generated by org.testng.reporters.JUnitReportReporter -->
<testsuite hostname="EON.local" failures="0" tests="1" name="Assignments.Assignment8Eon" time="4.005" errors="0" timestamp="2021-06-15T15:57:15 SAST" skipped="0">
  <testcase classname="Assignments.Assignment8Eon" name="datepicker" time="4.005"/>
  <system-out/>
</testsuite> <!-- Assignments.Assignment8Eon -->
