<?xml version="1.0" encoding="UTF-8"?>
<!-- Generated by org.testng.reporters.JUnitReportReporter -->
<testsuite hostname="EON.local" failures="0" tests="13" name="Assignments.Simple" time="0.156" errors="0" timestamp="2021-07-07T14:58:13 SAST" skipped="0">
  <testcase classname="Assignments.Simple" name="testMethodClass" time="0.002"/>
  <system-out/>
  <testcase classname="Assignments.Simple" name="testMethod" time="0.002"/>
  <system-out/>
  <testcase classname="Assignments.Simple" name="testMethodDifferentData" time="0.002"/>
  <system-out/>
  <testcase classname="Assignments.Simple" name="testMethodClass" time="0.013"/>
  <system-out/>
  <testcase classname="Assignments.Simple" name="testMethodDifferentDataClass" time="0.011"/>
  <system-out/>
  <testcase classname="Assignments.Simple" name="search" time="0.045"/>
  <system-out/>
  <testcase classname="Assignments.Simple" name="testMethodDifferentData" time="0.007"/>
  <system-out/>
  <testcase classname="Assignments.Simple" name="testMethodDifferentDataClass" time="0.005"/>
  <system-out/>
  <testcase classname="Assignments.Simple" name="testMethod" time="0.005"/>
  <system-out/>
  <testcase classname="Assignments.Simple" name="testMethodDifferentData" time="0.030"/>
  <system-out/>
  <testcase classname="Assignments.Simple" name="testMethodClass" time="0.009"/>
  <system-out/>
  <testcase classname="Assignments.Simple" name="testMethod" time="0.019"/>
  <system-out/>
  <testcase classname="Assignments.Simple" name="testMethodDifferentDataClass" time="0.006"/>
  <system-out/>
</testsuite> <!-- Assignments.Simple -->
