<?xml version="1.0" encoding="UTF-8"?>
<!-- Generated by org.testng.reporters.JUnitReportReporter -->
<testsuite hostname="EON.local" failures="0" tests="2" name="TelcoProjects.TelcoProjectTwoTstNG" time="34.958" errors="0" timestamp="2021-05-21T13:19:09 SAST" skipped="0">
  <testcase classname="TelcoProjects.TelcoProjectTwoTstNG" name="testOne" time="20.316"/>
  <system-out/>
  <testcase classname="TelcoProjects.TelcoProjectTwoTstNG" name="testTwo" time="14.642"/>
  <system-out/>
</testsuite> <!-- TelcoProjects.TelcoProjectTwoTstNG -->
