<?xml version="1.0" encoding="UTF-8"?>
<!-- Generated by org.testng.reporters.JUnitReportReporter -->
<testsuite hostname="EON.local" failures="0" tests="1" name="Refactored.testsAssignment5" time="4.491" errors="0" timestamp="2021-06-28T19:51:26 SAST" skipped="0">
  <testcase classname="Refactored.testsAssignment5" name="Readfromfile" time="4.491"/>
  <system-out/>
</testsuite> <!-- Refactored.testsAssignment5 -->
