<?xml version="1.0" encoding="UTF-8"?>
<!-- Generated by org.testng.reporters.JUnitReportReporter -->
<testsuite hostname="EON.local" failures="0" tests="1" name="tablesdeomo.TablesDemo" time="3.092" errors="0" timestamp="2021-06-13T17:57:03 SAST" skipped="0">
  <testcase classname="tablesdeomo.TablesDemo" name="datepickerr" time="3.092"/>
  <system-out/>
</testsuite> <!-- tablesdeomo.TablesDemo -->
