<?xml version="1.0" encoding="UTF-8"?>
<!-- Generated by org.testng.reporters.JUnitReportReporter -->
<testsuite hostname="EON.local" failures="0" tests="2" name="TelcoProjects.TelcoProjectTstNGThree" time="23.071" errors="0" timestamp="2021-06-25T20:02:20 SAST" skipped="0">
  <testcase classname="TelcoProjects.TelcoProjectTstNGThree" name="testTwo" time="9.451"/>
  <system-out/>
  <testcase classname="TelcoProjects.TelcoProjectTstNGThree" name="testOne" time="13.620"/>
  <system-out/>
</testsuite> <!-- TelcoProjects.TelcoProjectTstNGThree -->
