<?xml version="1.0" encoding="UTF-8"?>
<!-- Generated by org.testng.reporters.JUnitReportReporter -->
<testsuite hostname="EON.local" failures="0" tests="2" name="BankProjectGenerateDataTstNG.BankProjectGenerateDataKeywords" time="30.481" errors="0" timestamp="2021-06-21T18:35:03 SAST" skipped="0">
  <testcase classname="BankProjectGenerateDataTstNG.BankProjectGenerateDataKeywords" name="testCase2" time="14.594"/>
  <system-out/>
  <testcase classname="BankProjectGenerateDataTstNG.BankProjectGenerateDataKeywords" name="testCase1" time="15.887"/>
  <system-out/>
</testsuite> <!-- BankProjectGenerateDataTstNG.BankProjectGenerateDataKeywords -->
