<?xml version="1.0" encoding="UTF-8"?>
<!-- Generated by org.testng.reporters.JUnitReportReporter -->
<testsuite hostname="EON.local" failures="0" tests="2" name="TelcoProjects.TelcoProjectTstNGTwo" time="42.382" errors="0" timestamp="2021-06-24T15:11:33 SAST" skipped="0">
  <testcase classname="TelcoProjects.TelcoProjectTstNGTwo" name="testTwo" time="17.987"/>
  <system-out/>
  <testcase classname="TelcoProjects.TelcoProjectTstNGTwo" name="testOne" time="24.395"/>
  <system-out/>
</testsuite> <!-- TelcoProjects.TelcoProjectTstNGTwo -->
