<?xml version="1.0" encoding="UTF-8"?>
<!-- Generated by org.testng.reporters.JUnitReportReporter -->
<testsuite hostname="EON.local" failures="0" tests="1" name="tablesdeomo.TablesTestEON" time="3.367" errors="0" timestamp="2021-06-24T15:14:21 SAST" skipped="0">
  <testcase classname="tablesdeomo.TablesTestEON" name="datepicker" time="3.367"/>
  <system-out/>
</testsuite> <!-- tablesdeomo.TablesTestEON -->
