<?xml version="1.0" encoding="UTF-8"?>
<!-- Generated by org.testng.reporters.JUnitReportReporter -->
<testsuite hostname="EON.local" failures="0" tests="3" name="TelcoProjects.TelcoProjectTstNGOne" time="20.575" errors="0" timestamp="2021-06-23T18:11:47 SAST" skipped="0">
  <testcase classname="TelcoProjects.TelcoProjectTstNGOne" name="testTwo" time="12.083"/>
  <system-out/>
  <testcase classname="TelcoProjects.TelcoProjectTstNGOne" name="testOne" time="8.490"/>
  <system-out/>
  <testcase classname="TelcoProjects.TelcoProjectTstNGOne" name="testThree" time="0.002"/>
  <system-out/>
</testsuite> <!-- TelcoProjects.TelcoProjectTstNGOne -->
