<?xml version="1.0" encoding="UTF-8"?>
<!-- Generated by org.testng.reporters.JUnitReportReporter -->
<testsuite hostname="EON.local" failures="0" tests="3" name="restful.HTTPgetDemo" time="4.797" errors="0" timestamp="2021-10-21T07:02:42 SAST" skipped="0">
  <testcase classname="restful.HTTPgetDemo" name="getRequest" time="1.175"/>
  <system-out/>
  <testcase classname="restful.HTTPgetDemo" name="extractAll" time="2.801"/>
  <system-out/>
  <testcase classname="restful.HTTPgetDemo" name="getRequestWithQueryParam" time="0.821"/>
  <system-out/>
</testsuite> <!-- restful.HTTPgetDemo -->
