<?xml version="1.0" encoding="UTF-8"?>
<!-- Generated by org.testng.reporters.JUnitReportReporter -->
<testsuite hostname="EON.local" failures="0" tests="4" name="telcoTests.Assignment3Tests" time="35.034" errors="0" timestamp="2021-06-15T18:20:03 SAST" skipped="0">
  <testcase classname="telcoTests.Assignment3Tests" name="test2" time="7.813"/>
  <system-out/>
  <testcase classname="telcoTests.Assignment3Tests" name="test1" time="12.909"/>
  <system-out/>
  <testcase classname="telcoTests.Assignment3Tests" name="test4" time="7.020"/>
  <system-out/>
  <testcase classname="telcoTests.Assignment3Tests" name="test3" time="7.292"/>
  <system-out/>
</testsuite> <!-- telcoTests.Assignment3Tests -->
