<?xml version="1.0" encoding="UTF-8"?>
<!-- Generated by org.testng.reporters.JUnitReportReporter -->
<testsuite hostname="EON.local" failures="0" tests="3" name="TelcoProjectOne.TelcoProjectOneTstNG" time="24.365" errors="0" timestamp="2021-05-19T15:23:31 SAST" skipped="0">
  <testcase classname="TelcoProjectOne.TelcoProjectOneTstNG" name="testThree" time="0.003"/>
  <system-out/>
  <testcase classname="TelcoProjectOne.TelcoProjectOneTstNG" name="testOne" time="12.165"/>
  <system-out/>
  <testcase classname="TelcoProjectOne.TelcoProjectOneTstNG" name="testTwo" time="12.197"/>
  <system-out/>
</testsuite> <!-- TelcoProjectOne.TelcoProjectOneTstNG -->
