<?xml version="1.0" encoding="UTF-8"?>
<!-- Generated by org.testng.reporters.JUnitReportReporter -->
<testsuite hostname="EON.local" failures="0" tests="2" name="Refactored.testsAssignment1" time="27.291" errors="0" timestamp="2021-06-23T18:03:18 SAST" skipped="0">
  <testcase classname="Refactored.testsAssignment1" name="testTwo" time="0.032"/>
  <system-out/>
  <testcase classname="Refactored.testsAssignment1" name="testsOne" time="27.259"/>
  <system-out/>
</testsuite> <!-- Refactored.testsAssignment1 -->
