<?xml version="1.0" encoding="UTF-8"?>
<!-- Generated by org.testng.reporters.JUnitReportReporter -->
<testsuite hostname="EON.local" failures="0" tests="1" name="Assignments.Assignment8Eon" time="4.724" errors="0" timestamp="2021-06-29T16:39:27 SAST" skipped="0">
  <testcase classname="Assignments.Assignment8Eon" name="datepicker" time="4.724"/>
  <system-out/>
</testsuite> <!-- Assignments.Assignment8Eon -->
