<?xml version="1.0" encoding="UTF-8"?>
<!-- Generated by org.testng.reporters.JUnitReportReporter -->
<testsuite hostname="EON.local" failures="0" tests="3" name="TelcoProjects.TelcoProjectTstNGOne" time="18.946" errors="0" timestamp="2021-06-15T17:08:14 SAST" skipped="0">
  <testcase classname="TelcoProjects.TelcoProjectTstNGOne" name="testThree" time="0.014"/>
  <system-out/>
  <testcase classname="TelcoProjects.TelcoProjectTstNGOne" name="testTwo" time="11.683"/>
  <system-out/>
  <testcase classname="TelcoProjects.TelcoProjectTstNGOne" name="testOne" time="7.249"/>
  <system-out/>
</testsuite> <!-- TelcoProjects.TelcoProjectTstNGOne -->
