<?xml version="1.0" encoding="UTF-8"?>
<!-- Generated by org.testng.reporters.JUnitReportReporter -->
<testsuite hostname="EON.local" failures="0" tests="1" name="Refactored.testsAssignment5" time="2.941" errors="0" timestamp="2021-06-28T20:15:09 SAST" skipped="0">
  <testcase classname="Refactored.testsAssignment5" name="Readfromfile" time="2.941"/>
  <system-out/>
</testsuite> <!-- Refactored.testsAssignment5 -->
