<?xml version="1.0" encoding="UTF-8"?>
<!-- Generated by org.testng.reporters.JUnitReportReporter -->
<testsuite hostname="EON.local" failures="0" tests="2" name="Refactored.testsAssignment2" time="23.785" errors="0" timestamp="2021-06-25T19:23:02 SAST" skipped="0">
  <testcase classname="Refactored.testsAssignment2" name="testsBackgroundCheckDone" time="13.862"/>
  <system-out/>
  <testcase classname="Refactored.testsAssignment2" name="testsBackgroundCheckPending" time="9.923"/>
  <system-out/>
</testsuite> <!-- Refactored.testsAssignment2 -->
