<?xml version="1.0" encoding="UTF-8"?>
<!-- Generated by org.testng.reporters.JUnitReportReporter -->
<testsuite hostname="EON.local" failures="0" tests="1" name="assessmentTests.testsAssessment" time="73.335" errors="0" timestamp="2021-07-21T17:54:00 SAST" skipped="0">
  <testcase classname="assessmentTests.testsAssessment" name="GIVEN_LandingPage_WHEN_ProductSearch_THEN_AddToCart" time="73.335"/>
  <system-out>
<a href='/Users/eonkruger/git/Individual.RepoCSVmongoTables/MyfirstMavenProjectIT/target/surefire-reports-20210706141909/images/onTestStart175300.png'> <img src='/Users/eonkruger/git/Individual.RepoCSVmongoTables/MyfirstMavenProjectIT/target/surefire-reports-20210706141909/images/onTestStart175300.png' height='200' width='200'/> </a> <a href='/Users/eonkruger/git/Individual.RepoCSVmongoTables/MyfirstMavenProjectIT/target/surefire-reports-20210706141909/images/onTestStart175321.png'> <img src='/Users/eonkruger/git/Individual.RepoCSVmongoTables/MyfirstMavenProjectIT/target/surefire-reports-20210706141909/images/onTestStart175321.png' height='200' width='200'/> </a> expected ------------------Expected text: IN STOCK AT OVERSEAS SUPPLIER - DISPATCHED/COLLECTION IN 14-20 DAYS actual --------------------true expected ------------------Greater than 100 actual --------------------R22,080.00  </system-out>
</testsuite> <!-- assessmentTests.testsAssessment -->
