<?xml version="1.0" encoding="UTF-8"?>
<!-- Generated by org.testng.reporters.JUnitReportReporter -->
<testsuite hostname="EON.local" failures="0" tests="1" name="tablesdeomo.TablesTestEON" time="2.517" errors="0" timestamp="2021-06-25T07:31:51 SAST" skipped="0">
  <testcase classname="tablesdeomo.TablesTestEON" name="datepicker" time="2.517"/>
  <system-out/>
</testsuite> <!-- tablesdeomo.TablesTestEON -->
