<?xml version="1.0" encoding="UTF-8"?>
<!-- Generated by org.testng.reporters.JUnitReportReporter -->
<testsuite hostname="EON.local" failures="0" tests="3" name="TelcoProjects.TelcoProjectTstNGOne" time="18.522" errors="0" timestamp="2021-06-22T16:53:03 SAST" skipped="0">
  <testcase classname="TelcoProjects.TelcoProjectTstNGOne" name="testTwo" time="11.743"/>
  <system-out/>
  <testcase classname="TelcoProjects.TelcoProjectTstNGOne" name="testOne" time="6.775"/>
  <system-out/>
  <testcase classname="TelcoProjects.TelcoProjectTstNGOne" name="testThree" time="0.004"/>
  <system-out/>
</testsuite> <!-- TelcoProjects.TelcoProjectTstNGOne -->
