<?xml version="1.0" encoding="UTF-8"?>
<!-- Generated by org.testng.reporters.JUnitReportReporter -->
<testsuite hostname="EON.local" failures="0" tests="3" name="TelcoProjects.TelcoProjectOneTstNG" time="33.960" errors="0" timestamp="2021-05-19T16:14:35 SAST" skipped="0">
  <testcase classname="TelcoProjects.TelcoProjectOneTstNG" name="testOne" time="20.064"/>
  <system-out/>
  <testcase classname="TelcoProjects.TelcoProjectOneTstNG" name="testTwo" time="13.863"/>
  <system-out/>
  <testcase classname="TelcoProjects.TelcoProjectOneTstNG" name="testThree" time="0.033"/>
  <system-out/>
</testsuite> <!-- TelcoProjects.TelcoProjectOneTstNG -->
