<?xml version="1.0" encoding="UTF-8"?>
<!-- Generated by org.testng.reporters.JUnitReportReporter -->
<testsuite hostname="EON.local" failures="0" tests="3" name="TelcoProjects.TelcoProjectTstNGOne" time="23.050" errors="0" timestamp="2021-06-20T16:22:12 SAST" skipped="0">
  <testcase classname="TelcoProjects.TelcoProjectTstNGOne" name="testTwo" time="11.559"/>
  <system-out/>
  <testcase classname="TelcoProjects.TelcoProjectTstNGOne" name="testThree" time="0.004"/>
  <system-out/>
  <testcase classname="TelcoProjects.TelcoProjectTstNGOne" name="testOne" time="11.487"/>
  <system-out/>
</testsuite> <!-- TelcoProjects.TelcoProjectTstNGOne -->
