<?xml version="1.0" encoding="UTF-8"?>
<!-- Generated by org.testng.reporters.JUnitReportReporter -->
<testsuite hostname="EON.local" failures="0" tests="3" name="restful.HTTPgetDemo" time="5.331" errors="0" timestamp="2021-07-07T17:09:26 SAST" skipped="0">
  <testcase classname="restful.HTTPgetDemo" name="extractAll" time="3.425"/>
  <system-out/>
  <testcase classname="restful.HTTPgetDemo" name="getRequest" time="1.614"/>
  <system-out/>
  <testcase classname="restful.HTTPgetDemo" name="getRequestWithQueryParam" time="0.292"/>
  <system-out/>
</testsuite> <!-- restful.HTTPgetDemo -->
