<?xml version="1.0" encoding="UTF-8"?>
<!-- Generated by org.testng.reporters.JUnitReportReporter -->
<testsuite hostname="EON.local" failures="0" tests="3" name="Refactored.testsAssignment3" time="15.433" errors="0" timestamp="2021-06-28T19:31:38 SAST" skipped="0">
  <testcase classname="Refactored.testsAssignment3" name="ExportToFile" time="0.009"/>
  <system-out/>
  <testcase classname="Refactored.testsAssignment3" name="Given_AddCustomer_When_Submit_Then_CustomeridDisplayed" time="15.423"/>
  <system-out/>
  <testcase classname="Refactored.testsAssignment3" name="Given_AddCustomer_When_Submit_Then_CustomerNameDisplayed" time="0.001"/>
  <system-out/>
</testsuite> <!-- Refactored.testsAssignment3 -->
