<?xml version="1.0" encoding="UTF-8"?>
<!-- Generated by org.testng.reporters.JUnitReportReporter -->
<testsuite hostname="EON.local" failures="0" tests="4" name="newToursTests.testsNewToursRegister" time="63.417" errors="0" timestamp="2021-06-30T15:48:10 SAST" skipped="0">
  <testcase classname="newToursTests.testsNewToursRegister" name="GIVEN_InvalidDetails_WHEN_LogginIn_THEN_PromptWithErrorMessage" time="6.619"/>
  <system-out/>
  <testcase classname="newToursTests.testsNewToursRegister" name="GIVEN_Registered_THEN_Login" time="16.332"/>
  <system-out/>
  <testcase classname="newToursTests.testsNewToursRegister" name="GIVEN_RegisterNewUser_THEN_SaveDetails" time="25.626"/>
  <system-out/>
  <testcase classname="newToursTests.testsNewToursRegister" name="GIVEN_RegisteredUsers_WHEN_LoggedOn_THEN_BookFlights" time="14.840"/>
  <system-out/>
</testsuite> <!-- newToursTests.testsNewToursRegister -->
