<?xml version="1.0" encoding="UTF-8"?>
<!-- Generated by org.testng.reporters.JUnitReportReporter -->
<testsuite hostname="EON.local" failures="0" tests="1" name="Refactored.testsAssignment6" time="18.964" errors="0" timestamp="2021-06-29T16:35:49 SAST" skipped="0">
  <testcase classname="Refactored.testsAssignment6" name="getMaxvalues" time="18.964"/>
  <system-out/>
</testsuite> <!-- Refactored.testsAssignment6 -->
