<?xml version="1.0" encoding="UTF-8"?>
<!-- Generated by org.testng.reporters.JUnitReportReporter -->
<testsuite hostname="EON.local" failures="0" tests="2" name="TelcoProjects.TelcoProjectTstNGTwo" time="38.738" errors="0" timestamp="2021-06-13T10:43:27 SAST" skipped="0">
  <testcase classname="TelcoProjects.TelcoProjectTstNGTwo" name="testOne" time="21.467"/>
  <system-out/>
  <testcase classname="TelcoProjects.TelcoProjectTstNGTwo" name="testTwo" time="17.271"/>
  <system-out/>
</testsuite> <!-- TelcoProjects.TelcoProjectTstNGTwo -->
