<?xml version="1.0" encoding="UTF-8"?>
<!-- Generated by org.testng.reporters.JUnitReportReporter -->
<testsuite hostname="EON.local" failures="0" tests="1" name="tablesdeomo.TablesTestEON" time="4.626" errors="0" timestamp="2021-06-15T17:05:12 SAST" skipped="0">
  <testcase classname="tablesdeomo.TablesTestEON" name="datepicker" time="4.626"/>
  <system-out/>
</testsuite> <!-- tablesdeomo.TablesTestEON -->
