<?xml version="1.0" encoding="UTF-8"?>
<!-- Generated by org.testng.reporters.JUnitReportReporter -->
<testsuite hostname="EON.local" failures="0" tests="2" name="Refactored.testsAssignment1" time="26.760" errors="0" timestamp="2021-07-14T14:35:44 SAST" skipped="0">
  <testcase classname="Refactored.testsAssignment1" name="testTwo" time="0.576"/>
  <system-out>
<a href='/Users/eonkruger/git/Individual.RepoCSVmongoTables/MyfirstMavenProjectIT/target/surefire-reports-20210706141909/images/onTestStart143511.png'> <img src='/Users/eonkruger/git/Individual.RepoCSVmongoTables/MyfirstMavenProjectIT/target/surefire-reports-20210706141909/images/onTestStart143511.png' height='200' width='200'/> </a> <a href='/Users/eonkruger/git/Individual.RepoCSVmongoTables/MyfirstMavenProjectIT/target/surefire-reports-20210706141909/images/onTestSuccess143512.png'> <img src='/Users/eonkruger/git/Individual.RepoCSVmongoTables/MyfirstMavenProjectIT/target/surefire-reports-20210706141909/images/onTestSuccess143512.png' height='200' width='200'/> </a>  </system-out>
  <testcase classname="Refactored.testsAssignment1" name="testsOne" time="26.184"/>
  <system-out>
<a href='/Users/eonkruger/git/Individual.RepoCSVmongoTables/MyfirstMavenProjectIT/target/surefire-reports-20210706141909/images/onTestStart143512.png'> <img src='/Users/eonkruger/git/Individual.RepoCSVmongoTables/MyfirstMavenProjectIT/target/surefire-reports-20210706141909/images/onTestStart143512.png' height='200' width='200'/> </a> <a href='/Users/eonkruger/git/Individual.RepoCSVmongoTables/MyfirstMavenProjectIT/target/surefire-reports-20210706141909/images/onTestSuccess143539.png'> <img src='/Users/eonkruger/git/Individual.RepoCSVmongoTables/MyfirstMavenProjectIT/target/surefire-reports-20210706141909/images/onTestSuccess143539.png' height='200' width='200'/> </a>  </system-out>
</testsuite> <!-- Refactored.testsAssignment1 -->
