<?xml version="1.0" encoding="UTF-8"?>
<!-- Generated by org.testng.reporters.JUnitReportReporter -->
<testsuite hostname="EON.local" failures="0" tests="3" name="TelcoProjects.TelcoProjectTstNGOne" time="21.339" errors="0" timestamp="2021-06-22T15:23:43 SAST" skipped="0">
  <testcase classname="TelcoProjects.TelcoProjectTstNGOne" name="testThree" time="0.006"/>
  <system-out/>
  <testcase classname="TelcoProjects.TelcoProjectTstNGOne" name="testOne" time="9.265"/>
  <system-out/>
  <testcase classname="TelcoProjects.TelcoProjectTstNGOne" name="testTwo" time="12.068"/>
  <system-out/>
</testsuite> <!-- TelcoProjects.TelcoProjectTstNGOne -->
