<?xml version="1.0" encoding="UTF-8"?>
<!-- Generated by org.testng.reporters.JUnitReportReporter -->
<testsuite hostname="EON.local" failures="0" tests="1" name="Refactored.testsAssignment6" time="31.326" errors="0" timestamp="2021-07-06T15:56:22 SAST" skipped="0">
  <testcase classname="Refactored.testsAssignment6" name="getMaxvalues" time="31.326"/>
  <system-out/>
</testsuite> <!-- Refactored.testsAssignment6 -->
