<?xml version="1.0" encoding="UTF-8"?>
<!-- Generated by org.testng.reporters.JUnitReportReporter -->
<testsuite hostname="EON.local" failures="0" tests="4" name="newToursTests.testsNewToursRegister" time="66.812" errors="0" timestamp="2021-07-14T15:45:37 SAST" skipped="0">
  <testcase classname="newToursTests.testsNewToursRegister" name="GIVEN_RegisteredUsers_WHEN_LoggedOn_THEN_BookFlights" time="13.549"/>
  <system-out/>
  <testcase classname="newToursTests.testsNewToursRegister" name="GIVEN_Registered_THEN_Login" time="13.411"/>
  <system-out/>
  <testcase classname="newToursTests.testsNewToursRegister" name="GIVEN_RegisterNewUser_THEN_SaveDetails" time="35.978"/>
  <system-out/>
  <testcase classname="newToursTests.testsNewToursRegister" name="GIVEN_InvalidDetails_WHEN_LogginIn_THEN_PromptWithErrorMessage" time="3.874"/>
  <system-out/>
</testsuite> <!-- newToursTests.testsNewToursRegister -->
