<?xml version="1.0" encoding="UTF-8"?>
<!-- Generated by org.testng.reporters.JUnitReportReporter -->
<testsuite hostname="EON.local" failures="0" tests="2" name="TelcoProjects.TelcoProjectTstNGTwo" time="84.804" errors="0" timestamp="2021-06-22T18:56:00 SAST" skipped="0">
  <testcase classname="TelcoProjects.TelcoProjectTstNGTwo" name="testTwo" time="23.357"/>
  <system-out/>
  <testcase classname="TelcoProjects.TelcoProjectTstNGTwo" name="testOne" time="61.447"/>
  <system-out/>
</testsuite> <!-- TelcoProjects.TelcoProjectTstNGTwo -->
