<?xml version="1.0" encoding="UTF-8"?>
<!-- Generated by org.testng.reporters.JUnitReportReporter -->
<testsuite hostname="EON.local" failures="0" tests="2" name="assessmentTests.testsAssignment1" time="15.266" errors="0" timestamp="2021-07-08T10:55:23 SAST" skipped="0">
  <testcase classname="assessmentTests.testsAssignment1" name="testTwo" time="0.012"/>
  <system-out/>
  <testcase classname="assessmentTests.testsAssignment1" name="landingPage" time="15.254"/>
  <system-out/>
</testsuite> <!-- assessmentTests.testsAssignment1 -->
