<?xml version="1.0" encoding="UTF-8"?>
<!-- Generated by org.testng.reporters.JUnitReportReporter -->
<testsuite hostname="EON.local" failures="0" tests="1" name="starterPackage.StartHere" time="0.009" errors="0" timestamp="2021-10-04T13:13:54 SAST" skipped="0">
  <testcase classname="starterPackage.StartHere" name="testFirst" time="0.009"/>
  <system-out/>
</testsuite> <!-- starterPackage.StartHere -->
