<?xml version="1.0" encoding="UTF-8"?>
<!-- Generated by org.testng.reporters.JUnitReportReporter -->
<testsuite hostname="EON.local" failures="0" tests="1" name="technicalTests.TechnicalTests" time="29.810" errors="0" timestamp="2021-10-29T11:28:26 SAST" skipped="0">
  <testcase classname="technicalTests.TechnicalTests" name="GIVEN_Registration_WHEN_RegistrationCompleted_THEN_ValidateSuccess" time="29.810"/>
  <system-out/>
</testsuite> <!-- technicalTests.TechnicalTests -->
